2026-04-27 07:37:15,316 - __main__ - INFO - ============================================================
2026-04-27 07:37:15,316 - __main__ - INFO - 波动率突破策略启动
2026-04-27 07:37:15,316 - __main__ - INFO - 启动时间: 2026-04-27 07:37:15
2026-04-27 07:37:15,316 - __main__ - INFO - ============================================================
2026-04-27 07:37:15,316 - __main__ - INFO - 步骤1: 初始化CTP连接...
2026-04-27 07:37:15,320 - __main__ - INFO - 使用模拟数据进行策略测试...
2026-04-27 07:37:15,320 - __main__ - INFO - 生成模拟数据...
2026-04-27 07:37:15,320 - __main__ - INFO - 步骤2: 分析波动率...
2026-04-27 07:37:15,320 - __main__ - INFO - 步骤3: 生成交易信号...
2026-04-27 07:37:15,320 - core.signal_generator - INFO - 信号生成器初始化完成 - IV低阈值:30, IV高阈值:70
2026-04-27 07:37:15,320 - core.signal_generator - INFO - 生成信号: fu2605 SHORT_VOL 强度0.71
2026-04-27 07:37:15,320 - core.signal_generator - INFO - 生成信号: rb2610 SHORT_VOL 强度0.63
2026-04-27 07:37:15,321 - core.signal_generator - INFO - 共生成2个有效信号
2026-04-27 07:37:15,321 - __main__ - INFO - 步骤4: 生成市场概况...
2026-04-27 07:37:15,321 - __main__ - INFO - 步骤5: 生成报告...
2026-04-27 07:37:15,358 - core.report_generator - INFO - 报告生成器初始化完成 - 输出目录:reports, PDF支持:True
2026-04-27 07:37:15,360 - core.report_generator - INFO - 报告生成完成: reports/volatility_strategy_report_2026-04-27_07-37.md
2026-04-27 07:37:15,360 - __main__ - INFO - ============================================================
2026-04-27 07:37:15,360 - __main__ - INFO - 策略执行完成
2026-04-27 07:37:15,360 - __main__ - INFO - 监控品种: 16
2026-04-27 07:37:15,360 - __main__ - INFO - 有效信号: 2
2026-04-27 07:37:15,360 - __main__ - INFO -   - 做多波动率: 0
2026-04-27 07:37:15,360 - __main__ - INFO -   - 做空波动率: 2
2026-04-27 07:37:15,360 - __main__ - INFO - 报告路径: reports/volatility_strategy_report_2026-04-27_07-37.md
2026-04-27 07:37:15,360 - __main__ - INFO - ============================================================
